{"/Users/Vivi/Documents/Mosh/Redux Source Code/redux-configure-toolkit-createSlice/src/math.js": {"path":"/Users/Vivi/Documents/Mosh/Redux Source Code/redux-configure-toolkit-createSlice/src/math.js","statementMap":{"0":{"start":{"line":1,"column":22},"end":{"line":1,"column":46}},"1":{"start":{"line":1,"column":31},"end":{"line":1,"column":46}}},"fnMap":{"0":{"name":"(anonymous_0)","decl":{"start":{"line":1,"column":22},"end":{"line":1,"column":23}},"loc":{"start":{"line":1,"column":31},"end":{"line":1,"column":46}},"line":1}},"branchMap":{},"s":{"0":1,"1":2},"f":{"0":2},"b":{},"_coverageSchema":"1a1c01bbd47fc00a2c39e90264f33305004495a9","hash":"ca1e0839dd422dbfb17a4f60af86f87d27ec4af6"}
,"/Users/Vivi/Documents/Mosh/Redux Source Code/redux-configure-toolkit-createSlice/src/store/api.js": {"path":"/Users/Vivi/Documents/Mosh/Redux Source Code/redux-configure-toolkit-createSlice/src/store/api.js","statementMap":{"0":{"start":{"line":3,"column":28},"end":{"line":3,"column":57}},"1":{"start":{"line":4,"column":30},"end":{"line":4,"column":61}},"2":{"start":{"line":5,"column":29},"end":{"line":5,"column":59}}},"fnMap":{},"branchMap":{},"s":{"0":1,"1":1,"2":1},"f":{},"b":{},"_coverageSchema":"1a1c01bbd47fc00a2c39e90264f33305004495a9","hash":"05c0d24a1cd3c933231377c206ec44b09a329341"}
,"/Users/Vivi/Documents/Mosh/Redux Source Code/redux-configure-toolkit-createSlice/src/store/bugs.js": {"path":"/Users/Vivi/Documents/Mosh/Redux Source Code/redux-configure-toolkit-createSlice/src/store/bugs.js","statementMap":{"0":{"start":{"line":10,"column":14},"end":{"line":61,"column":2}},"1":{"start":{"line":20,"column":6},"end":{"line":20,"column":26}},"2":{"start":{"line":24,"column":6},"end":{"line":24,"column":33}},"3":{"start":{"line":25,"column":6},"end":{"line":25,"column":27}},"4":{"start":{"line":26,"column":6},"end":{"line":26,"column":34}},"5":{"start":{"line":31,"column":6},"end":{"line":31,"column":27}},"6":{"start":{"line":35,"column":33},"end":{"line":35,"column":47}},"7":{"start":{"line":36,"column":20},"end":{"line":36,"column":63}},"8":{"start":{"line":36,"column":46},"end":{"line":36,"column":62}},"9":{"start":{"line":37,"column":6},"end":{"line":37,"column":39}},"10":{"start":{"line":51,"column":6},"end":{"line":51,"column":37}},"11":{"start":{"line":57,"column":20},"end":{"line":57,"column":78}},"12":{"start":{"line":57,"column":49},"end":{"line":57,"column":77}},"13":{"start":{"line":58,"column":6},"end":{"line":58,"column":39}},"14":{"start":{"line":71,"column":4},"end":{"line":71,"column":17}},"15":{"start":{"line":77,"column":12},"end":{"line":77,"column":19}},"16":{"start":{"line":79,"column":26},"end":{"line":85,"column":4}},"17":{"start":{"line":80,"column":2},"end":{"line":85,"column":4}},"18":{"start":{"line":87,"column":31},"end":{"line":93,"column":4}},"19":{"start":{"line":88,"column":2},"end":{"line":93,"column":4}},"20":{"start":{"line":119,"column":22},"end":{"line":124,"column":2}},"21":{"start":{"line":119,"column":29},"end":{"line":124,"column":2}},"22":{"start":{"line":127,"column":24},"end":{"line":139,"column":1}},"23":{"start":{"line":127,"column":30},"end":{"line":139,"column":1}},"24":{"start":{"line":128,"column":22},"end":{"line":128,"column":46}},"25":{"start":{"line":130,"column":24},"end":{"line":130,"column":67}},"26":{"start":{"line":131,"column":2},"end":{"line":131,"column":30}},"27":{"start":{"line":131,"column":23},"end":{"line":131,"column":30}},"28":{"start":{"line":133,"column":0},"end":{"line":138,"column":8}},"29":{"start":{"line":161,"column":33},"end":{"line":165,"column":1}},"30":{"start":{"line":162,"column":10},"end":{"line":162,"column":29}},"31":{"start":{"line":163,"column":10},"end":{"line":163,"column":33}},"32":{"start":{"line":164,"column":21},"end":{"line":164,"column":59}},"33":{"start":{"line":164,"column":45},"end":{"line":164,"column":58}},"34":{"start":{"line":167,"column":29},"end":{"line":170,"column":1}},"35":{"start":{"line":167,"column":39},"end":{"line":170,"column":1}},"36":{"start":{"line":168,"column":11},"end":{"line":168,"column":30}},"37":{"start":{"line":169,"column":9},"end":{"line":169,"column":55}},"38":{"start":{"line":169,"column":33},"end":{"line":169,"column":54}}},"fnMap":{"0":{"name":"(anonymous_0)","decl":{"start":{"line":19,"column":19},"end":{"line":19,"column":20}},"loc":{"start":{"line":19,"column":36},"end":{"line":21,"column":5}},"line":19},"1":{"name":"(anonymous_1)","decl":{"start":{"line":23,"column":17},"end":{"line":23,"column":18}},"loc":{"start":{"line":23,"column":33},"end":{"line":27,"column":5}},"line":23},"2":{"name":"(anonymous_2)","decl":{"start":{"line":30,"column":22},"end":{"line":30,"column":23}},"loc":{"start":{"line":30,"column":39},"end":{"line":32,"column":5}},"line":30},"3":{"name":"(anonymous_3)","decl":{"start":{"line":34,"column":24},"end":{"line":34,"column":25}},"loc":{"start":{"line":34,"column":41},"end":{"line":38,"column":5}},"line":34},"4":{"name":"(anonymous_4)","decl":{"start":{"line":36,"column":40},"end":{"line":36,"column":41}},"loc":{"start":{"line":36,"column":46},"end":{"line":36,"column":62}},"line":36},"5":{"name":"(anonymous_5)","decl":{"start":{"line":43,"column":14},"end":{"line":43,"column":15}},"loc":{"start":{"line":43,"column":32},"end":{"line":52,"column":5}},"line":43},"6":{"name":"(anonymous_6)","decl":{"start":{"line":56,"column":17},"end":{"line":56,"column":18}},"loc":{"start":{"line":56,"column":35},"end":{"line":59,"column":5}},"line":56},"7":{"name":"(anonymous_7)","decl":{"start":{"line":57,"column":40},"end":{"line":57,"column":41}},"loc":{"start":{"line":57,"column":49},"end":{"line":57,"column":77}},"line":57},"8":{"name":"(anonymous_8)","decl":{"start":{"line":79,"column":26},"end":{"line":79,"column":27}},"loc":{"start":{"line":80,"column":2},"end":{"line":85,"column":4}},"line":80},"9":{"name":"(anonymous_9)","decl":{"start":{"line":87,"column":31},"end":{"line":87,"column":32}},"loc":{"start":{"line":88,"column":2},"end":{"line":93,"column":4}},"line":88},"10":{"name":"(anonymous_10)","decl":{"start":{"line":119,"column":22},"end":{"line":119,"column":23}},"loc":{"start":{"line":119,"column":29},"end":{"line":124,"column":2}},"line":119},"11":{"name":"(anonymous_11)","decl":{"start":{"line":127,"column":24},"end":{"line":127,"column":25}},"loc":{"start":{"line":127,"column":30},"end":{"line":139,"column":1}},"line":127},"12":{"name":"(anonymous_12)","decl":{"start":{"line":127,"column":30},"end":{"line":127,"column":31}},"loc":{"start":{"line":127,"column":53},"end":{"line":139,"column":1}},"line":127},"13":{"name":"(anonymous_13)","decl":{"start":{"line":162,"column":2},"end":{"line":162,"column":3}},"loc":{"start":{"line":162,"column":10},"end":{"line":162,"column":29}},"line":162},"14":{"name":"(anonymous_14)","decl":{"start":{"line":163,"column":2},"end":{"line":163,"column":3}},"loc":{"start":{"line":163,"column":10},"end":{"line":163,"column":33}},"line":163},"15":{"name":"(anonymous_15)","decl":{"start":{"line":164,"column":1},"end":{"line":164,"column":2}},"loc":{"start":{"line":164,"column":21},"end":{"line":164,"column":59}},"line":164},"16":{"name":"(anonymous_16)","decl":{"start":{"line":164,"column":38},"end":{"line":164,"column":39}},"loc":{"start":{"line":164,"column":45},"end":{"line":164,"column":58}},"line":164},"17":{"name":"(anonymous_17)","decl":{"start":{"line":167,"column":29},"end":{"line":167,"column":30}},"loc":{"start":{"line":167,"column":39},"end":{"line":170,"column":1}},"line":167},"18":{"name":"(anonymous_18)","decl":{"start":{"line":168,"column":2},"end":{"line":168,"column":3}},"loc":{"start":{"line":168,"column":11},"end":{"line":168,"column":30}},"line":168},"19":{"name":"(anonymous_19)","decl":{"start":{"line":169,"column":2},"end":{"line":169,"column":3}},"loc":{"start":{"line":169,"column":9},"end":{"line":169,"column":55}},"line":169},"20":{"name":"(anonymous_20)","decl":{"start":{"line":169,"column":26},"end":{"line":169,"column":27}},"loc":{"start":{"line":169,"column":33},"end":{"line":169,"column":54}},"line":169}},"branchMap":{"0":{"loc":{"start":{"line":131,"column":2},"end":{"line":131,"column":30}},"type":"if","locations":[{"start":{"line":131,"column":2},"end":{"line":131,"column":30}},{"start":{},"end":{}}],"line":131}},"s":{"0":1,"1":4,"2":2,"3":2,"4":2,"5":2,"6":0,"7":0,"8":0,"9":0,"10":3,"11":1,"12":1,"13":1,"14":1,"15":1,"16":1,"17":2,"18":1,"19":0,"20":1,"21":4,"22":1,"23":5,"24":5,"25":5,"26":5,"27":1,"28":4,"29":1,"30":1,"31":1,"32":1,"33":3,"34":1,"35":0,"36":0,"37":0,"38":0},"f":{"0":4,"1":2,"2":2,"3":0,"4":0,"5":3,"6":1,"7":1,"8":2,"9":0,"10":4,"11":5,"12":5,"13":1,"14":1,"15":1,"16":3,"17":0,"18":0,"19":0,"20":0},"b":{"0":[1,4]},"_coverageSchema":"1a1c01bbd47fc00a2c39e90264f33305004495a9","hash":"ec878b2090bbc603c791486a53404fbda9b3adbe"}
,"/Users/Vivi/Documents/Mosh/Redux Source Code/redux-configure-toolkit-createSlice/src/store/configureStore.js": {"path":"/Users/Vivi/Documents/Mosh/Redux Source Code/redux-configure-toolkit-createSlice/src/store/configureStore.js","statementMap":{"0":{"start":{"line":8,"column":4},"end":{"line":16,"column":7}}},"fnMap":{"0":{"name":"(anonymous_0)","decl":{"start":{"line":7,"column":15},"end":{"line":7,"column":16}},"loc":{"start":{"line":7,"column":25},"end":{"line":17,"column":1}},"line":7}},"branchMap":{},"s":{"0":9},"f":{"0":9},"b":{},"_coverageSchema":"1a1c01bbd47fc00a2c39e90264f33305004495a9","hash":"8d49828e4421ac5cd7ff6d2acdacd5de8c2be679"}
,"/Users/Vivi/Documents/Mosh/Redux Source Code/redux-configure-toolkit-createSlice/src/store/entities.js": {"path":"/Users/Vivi/Documents/Mosh/Redux Source Code/redux-configure-toolkit-createSlice/src/store/entities.js","statementMap":{},"fnMap":{},"branchMap":{},"s":{},"f":{},"b":{},"_coverageSchema":"1a1c01bbd47fc00a2c39e90264f33305004495a9","hash":"1b1bd4d6f36ba5b3a3dc1d09b683ac97953be882"}
,"/Users/Vivi/Documents/Mosh/Redux Source Code/redux-configure-toolkit-createSlice/src/store/projects.js": {"path":"/Users/Vivi/Documents/Mosh/Redux Source Code/redux-configure-toolkit-createSlice/src/store/projects.js","statementMap":{"0":{"start":{"line":3,"column":11},"end":{"line":3,"column":12}},"1":{"start":{"line":5,"column":14},"end":{"line":16,"column":2}},"2":{"start":{"line":10,"column":12},"end":{"line":13,"column":14}},"3":{"start":{"line":18,"column":30},"end":{"line":18,"column":43}}},"fnMap":{"0":{"name":"(anonymous_0)","decl":{"start":{"line":9,"column":21},"end":{"line":9,"column":22}},"loc":{"start":{"line":9,"column":41},"end":{"line":14,"column":9}},"line":9}},"branchMap":{},"s":{"0":1,"1":1,"2":0,"3":1},"f":{"0":0},"b":{},"_coverageSchema":"1a1c01bbd47fc00a2c39e90264f33305004495a9","hash":"67e19c4dc5b931b905977d92415514451dd70c84"}
,"/Users/Vivi/Documents/Mosh/Redux Source Code/redux-configure-toolkit-createSlice/src/store/reducer.js": {"path":"/Users/Vivi/Documents/Mosh/Redux Source Code/redux-configure-toolkit-createSlice/src/store/reducer.js","statementMap":{},"fnMap":{},"branchMap":{},"s":{},"f":{},"b":{},"_coverageSchema":"1a1c01bbd47fc00a2c39e90264f33305004495a9","hash":"f3dd27eb010773df8350e1bf4e4055d551a4c5ac"}
,"/Users/Vivi/Documents/Mosh/Redux Source Code/redux-configure-toolkit-createSlice/src/store/users.js": {"path":"/Users/Vivi/Documents/Mosh/Redux Source Code/redux-configure-toolkit-createSlice/src/store/users.js","statementMap":{"0":{"start":{"line":3,"column":13},"end":{"line":3,"column":14}},"1":{"start":{"line":5,"column":14},"end":{"line":16,"column":2}},"2":{"start":{"line":10,"column":12},"end":{"line":13,"column":14}},"3":{"start":{"line":18,"column":27},"end":{"line":18,"column":40}}},"fnMap":{"0":{"name":"(anonymous_0)","decl":{"start":{"line":9,"column":18},"end":{"line":9,"column":19}},"loc":{"start":{"line":9,"column":36},"end":{"line":14,"column":9}},"line":9}},"branchMap":{},"s":{"0":1,"1":1,"2":0,"3":1},"f":{"0":0},"b":{},"_coverageSchema":"1a1c01bbd47fc00a2c39e90264f33305004495a9","hash":"e73c7ced38294b5f3ae14583d1d14a1811e0c2b8"}
,"/Users/Vivi/Documents/Mosh/Redux Source Code/redux-configure-toolkit-createSlice/src/store/middleware/api.js": {"path":"/Users/Vivi/Documents/Mosh/Redux Source Code/redux-configure-toolkit-createSlice/src/store/middleware/api.js","statementMap":{"0":{"start":{"line":4,"column":12},"end":{"line":34,"column":1}},"1":{"start":{"line":4,"column":28},"end":{"line":34,"column":1}},"2":{"start":{"line":4,"column":36},"end":{"line":34,"column":1}},"3":{"start":{"line":5,"column":4},"end":{"line":5,"column":70}},"4":{"start":{"line":5,"column":50},"end":{"line":5,"column":70}},"5":{"start":{"line":9,"column":61},"end":{"line":9,"column":75}},"6":{"start":{"line":11,"column":4},"end":{"line":11,"column":41}},"7":{"start":{"line":11,"column":16},"end":{"line":11,"column":41}},"8":{"start":{"line":12,"column":4},"end":{"line":12,"column":17}},"9":{"start":{"line":14,"column":4},"end":{"line":33,"column":5}},"10":{"start":{"line":15,"column":25},"end":{"line":20,"column":6}},"11":{"start":{"line":22,"column":8},"end":{"line":22,"column":56}},"12":{"start":{"line":24,"column":8},"end":{"line":25,"column":58}},"13":{"start":{"line":25,"column":8},"end":{"line":25,"column":58}},"14":{"start":{"line":30,"column":8},"end":{"line":30,"column":55}},"15":{"start":{"line":32,"column":8},"end":{"line":32,"column":68}},"16":{"start":{"line":32,"column":20},"end":{"line":32,"column":68}}},"fnMap":{"0":{"name":"(anonymous_0)","decl":{"start":{"line":4,"column":12},"end":{"line":4,"column":13}},"loc":{"start":{"line":4,"column":28},"end":{"line":34,"column":1}},"line":4},"1":{"name":"(anonymous_1)","decl":{"start":{"line":4,"column":28},"end":{"line":4,"column":29}},"loc":{"start":{"line":4,"column":36},"end":{"line":34,"column":1}},"line":4},"2":{"name":"(anonymous_2)","decl":{"start":{"line":4,"column":36},"end":{"line":4,"column":37}},"loc":{"start":{"line":4,"column":51},"end":{"line":34,"column":1}},"line":4}},"branchMap":{"0":{"loc":{"start":{"line":5,"column":4},"end":{"line":5,"column":70}},"type":"if","locations":[{"start":{"line":5,"column":4},"end":{"line":5,"column":70}},{"start":{},"end":{}}],"line":5},"1":{"loc":{"start":{"line":11,"column":4},"end":{"line":11,"column":41}},"type":"if","locations":[{"start":{"line":11,"column":4},"end":{"line":11,"column":41}},{"start":{},"end":{}}],"line":11},"2":{"loc":{"start":{"line":24,"column":8},"end":{"line":25,"column":58}},"type":"if","locations":[{"start":{"line":24,"column":8},"end":{"line":25,"column":58}},{"start":{},"end":{}}],"line":24},"3":{"loc":{"start":{"line":32,"column":8},"end":{"line":32,"column":68}},"type":"if","locations":[{"start":{"line":32,"column":8},"end":{"line":32,"column":68}},{"start":{},"end":{}}],"line":32}},"s":{"0":1,"1":9,"2":9,"3":32,"4":22,"5":10,"6":10,"7":4,"8":10,"9":10,"10":10,"11":6,"12":6,"13":6,"14":4,"15":4,"16":2},"f":{"0":9,"1":9,"2":32},"b":{"0":[22,10],"1":[4,6],"2":[6,0],"3":[2,2]},"_coverageSchema":"1a1c01bbd47fc00a2c39e90264f33305004495a9","hash":"2a024d8c5192e36be464875771075af733e2d4d1"}
,"/Users/Vivi/Documents/Mosh/Redux Source Code/redux-configure-toolkit-createSlice/src/store/middleware/logger.js": {"path":"/Users/Vivi/Documents/Mosh/Redux Source Code/redux-configure-toolkit-createSlice/src/store/middleware/logger.js","statementMap":{"0":{"start":{"line":3,"column":16},"end":{"line":7,"column":1}},"1":{"start":{"line":3,"column":25},"end":{"line":7,"column":1}},"2":{"start":{"line":3,"column":34},"end":{"line":7,"column":1}},"3":{"start":{"line":3,"column":43},"end":{"line":7,"column":1}},"4":{"start":{"line":5,"column":4},"end":{"line":5,"column":24}}},"fnMap":{"0":{"name":"(anonymous_0)","decl":{"start":{"line":3,"column":16},"end":{"line":3,"column":17}},"loc":{"start":{"line":3,"column":25},"end":{"line":7,"column":1}},"line":3},"1":{"name":"(anonymous_1)","decl":{"start":{"line":3,"column":25},"end":{"line":3,"column":26}},"loc":{"start":{"line":3,"column":34},"end":{"line":7,"column":1}},"line":3},"2":{"name":"(anonymous_2)","decl":{"start":{"line":3,"column":34},"end":{"line":3,"column":35}},"loc":{"start":{"line":3,"column":43},"end":{"line":7,"column":1}},"line":3},"3":{"name":"(anonymous_3)","decl":{"start":{"line":3,"column":43},"end":{"line":3,"column":44}},"loc":{"start":{"line":3,"column":53},"end":{"line":7,"column":1}},"line":3}},"branchMap":{},"s":{"0":1,"1":9,"2":9,"3":9,"4":32},"f":{"0":9,"1":9,"2":9,"3":32},"b":{},"_coverageSchema":"1a1c01bbd47fc00a2c39e90264f33305004495a9","hash":"8d6f1571f1eea585617c6bbd26149ab971731d0d"}
,"/Users/Vivi/Documents/Mosh/Redux Source Code/redux-configure-toolkit-createSlice/src/store/middleware/toast.js": {"path":"/Users/Vivi/Documents/Mosh/Redux Source Code/redux-configure-toolkit-createSlice/src/store/middleware/toast.js","statementMap":{"0":{"start":{"line":1,"column":13},"end":{"line":6,"column":1}},"1":{"start":{"line":1,"column":21},"end":{"line":6,"column":1}},"2":{"start":{"line":1,"column":28},"end":{"line":6,"column":1}},"3":{"start":{"line":2,"column":4},"end":{"line":5,"column":27}},"4":{"start":{"line":3,"column":8},"end":{"line":3,"column":56}},"5":{"start":{"line":5,"column":4},"end":{"line":5,"column":27}}},"fnMap":{"0":{"name":"(anonymous_0)","decl":{"start":{"line":1,"column":13},"end":{"line":1,"column":14}},"loc":{"start":{"line":1,"column":21},"end":{"line":6,"column":1}},"line":1},"1":{"name":"(anonymous_1)","decl":{"start":{"line":1,"column":21},"end":{"line":1,"column":22}},"loc":{"start":{"line":1,"column":28},"end":{"line":6,"column":1}},"line":1},"2":{"name":"(anonymous_2)","decl":{"start":{"line":1,"column":28},"end":{"line":1,"column":29}},"loc":{"start":{"line":1,"column":37},"end":{"line":6,"column":1}},"line":1}},"branchMap":{"0":{"loc":{"start":{"line":2,"column":4},"end":{"line":5,"column":27}},"type":"if","locations":[{"start":{"line":2,"column":4},"end":{"line":5,"column":27}},{"start":{"line":5,"column":4},"end":{"line":5,"column":27}}],"line":2}},"s":{"0":1,"1":9,"2":9,"3":32,"4":0,"5":32},"f":{"0":9,"1":9,"2":32},"b":{"0":[0,32]},"_coverageSchema":"1a1c01bbd47fc00a2c39e90264f33305004495a9","hash":"67457582331fc62c256eb0deafb1a16c769149b4"}
}
