TN:
SF:src/math.js
FN:1,(anonymous_0)
FNF:1
FNH:1
FNDA:2,(anonymous_0)
DA:1,2
LF:1
LH:1
BRF:0
BRH:0
end_of_record
TN:
SF:src/store/api.js
FNF:0
FNH:0
DA:3,1
DA:4,1
DA:5,1
LF:3
LH:3
BRF:0
BRH:0
end_of_record
TN:
SF:src/store/bugs.js
FN:19,(anonymous_0)
FN:23,(anonymous_1)
FN:30,(anonymous_2)
FN:34,(anonymous_3)
FN:36,(anonymous_4)
FN:43,(anonymous_5)
FN:56,(anonymous_6)
FN:57,(anonymous_7)
FN:79,(anonymous_8)
FN:87,(anonymous_9)
FN:119,(anonymous_10)
FN:127,(anonymous_11)
FN:127,(anonymous_12)
FN:162,(anonymous_13)
FN:163,(anonymous_14)
FN:164,(anonymous_15)
FN:164,(anonymous_16)
FN:167,(anonymous_17)
FN:168,(anonymous_18)
FN:169,(anonymous_19)
FN:169,(anonymous_20)
FNF:21
FNH:14
FNDA:4,(anonymous_0)
FNDA:2,(anonymous_1)
FNDA:2,(anonymous_2)
FNDA:0,(anonymous_3)
FNDA:0,(anonymous_4)
FNDA:3,(anonymous_5)
FNDA:1,(anonymous_6)
FNDA:1,(anonymous_7)
FNDA:2,(anonymous_8)
FNDA:0,(anonymous_9)
FNDA:4,(anonymous_10)
FNDA:5,(anonymous_11)
FNDA:5,(anonymous_12)
FNDA:1,(anonymous_13)
FNDA:1,(anonymous_14)
FNDA:1,(anonymous_15)
FNDA:3,(anonymous_16)
FNDA:0,(anonymous_17)
FNDA:0,(anonymous_18)
FNDA:0,(anonymous_19)
FNDA:0,(anonymous_20)
DA:10,1
DA:20,4
DA:24,2
DA:25,2
DA:26,2
DA:31,2
DA:35,0
DA:36,0
DA:37,0
DA:51,3
DA:57,1
DA:58,1
DA:71,1
DA:77,1
DA:79,1
DA:80,2
DA:87,1
DA:88,0
DA:119,4
DA:127,5
DA:128,5
DA:130,5
DA:131,5
DA:133,4
DA:161,1
DA:162,1
DA:163,1
DA:164,3
DA:167,1
DA:168,0
DA:169,0
LF:31
LH:25
BRDA:131,0,0,1
BRDA:131,0,1,4
BRF:2
BRH:2
end_of_record
TN:
SF:src/store/configureStore.js
FN:7,(anonymous_0)
FNF:1
FNH:1
FNDA:9,(anonymous_0)
DA:8,9
LF:1
LH:1
BRF:0
BRH:0
end_of_record
TN:
SF:src/store/entities.js
FNF:0
FNH:0
LF:0
LH:0
BRF:0
BRH:0
end_of_record
TN:
SF:src/store/projects.js
FN:9,(anonymous_0)
FNF:1
FNH:0
FNDA:0,(anonymous_0)
DA:3,1
DA:5,1
DA:10,0
DA:18,1
LF:4
LH:3
BRF:0
BRH:0
end_of_record
TN:
SF:src/store/reducer.js
FNF:0
FNH:0
LF:0
LH:0
BRF:0
BRH:0
end_of_record
TN:
SF:src/store/users.js
FN:9,(anonymous_0)
FNF:1
FNH:0
FNDA:0,(anonymous_0)
DA:3,1
DA:5,1
DA:10,0
DA:18,1
LF:4
LH:3
BRF:0
BRH:0
end_of_record
TN:
SF:src/store/middleware/api.js
FN:4,(anonymous_0)
FN:4,(anonymous_1)
FN:4,(anonymous_2)
FNF:3
FNH:3
FNDA:9,(anonymous_0)
FNDA:9,(anonymous_1)
FNDA:32,(anonymous_2)
DA:4,9
DA:5,32
DA:9,10
DA:11,10
DA:12,10
DA:14,10
DA:15,10
DA:22,6
DA:24,6
DA:25,6
DA:30,4
DA:32,4
LF:12
LH:12
BRDA:5,0,0,22
BRDA:5,0,1,10
BRDA:11,1,0,4
BRDA:11,1,1,6
BRDA:24,2,0,6
BRDA:24,2,1,0
BRDA:32,3,0,2
BRDA:32,3,1,2
BRF:8
BRH:7
end_of_record
TN:
SF:src/store/middleware/logger.js
FN:3,(anonymous_0)
FN:3,(anonymous_1)
FN:3,(anonymous_2)
FN:3,(anonymous_3)
FNF:4
FNH:4
FNDA:9,(anonymous_0)
FNDA:9,(anonymous_1)
FNDA:9,(anonymous_2)
FNDA:32,(anonymous_3)
DA:3,9
DA:5,32
LF:2
LH:2
BRF:0
BRH:0
end_of_record
TN:
SF:src/store/middleware/toast.js
FN:1,(anonymous_0)
FN:1,(anonymous_1)
FN:1,(anonymous_2)
FNF:3
FNH:3
FNDA:9,(anonymous_0)
FNDA:9,(anonymous_1)
FNDA:32,(anonymous_2)
DA:1,9
DA:2,32
DA:3,0
DA:5,32
LF:4
LH:3
BRDA:2,0,0,0
BRDA:2,0,1,32
BRF:2
BRH:1
end_of_record
